Removed Pin From Net: NetName=5V Pin=C3-1
Removed Pin From Net: NetName=GND Pin=C3-2
Removed Pin From Net: NetName=5V Pin=C4-1
Removed Pin From Net: NetName=GND Pin=C4-2
Change Component DesignItemId : Designator=C3 Old DesignItemId=CAPE_220u_16V_THD New DesignItemId=Capacitor 50V 470uF
Change Component DesignItemId : Designator=C4 Old DesignItemId=CAPE_220u_16V_THD New DesignItemId=Capacitor 50V 470uF
Change Component Footprint: Designator=C1 Old Footprint=Capacitor 50V 470uF New Footprint=8-DIA-CAP-3.5mm-Leads
Change Component Footprint: Designator=C2 Old Footprint=Capacitor 50V 470uF New Footprint=8-DIA-CAP-3.5mm-Leads
Change Component Footprint: Designator=C3 Old Footprint=CAPE3.5mm New Footprint=6.3-DIA-CAP
Change Component Footprint: Designator=C4 Old Footprint=CAPE3.5mm New Footprint=6.3-DIA-CAP
Change Component Comment : Designator=C1 Old Comment=50V 470uF New Comment=35V 220uF
Change Component Comment : Designator=C2 Old Comment=50V 470uF New Comment=35V 220uF
Change Component Comment : Designator=C3 Old Comment=220µ New Comment=16V 220uF
Change Component Comment : Designator=C4 Old Comment=220µ New Comment=16V 220uF
Added Pin To Net: NetName=GND Pin=C3-1
Added Pin To Net: NetName=5V Pin=C3-2
Added Pin To Net: NetName=GND Pin=C4-1
Added Pin To Net: NetName=5V Pin=C4-2
Added Member To Class: ClassName=datalogger Member=Component U1 MCP2515
Added Member To Class: ClassName=datalogger Member=Component U2 CAN transceiver
