Removed Pin From Net: NetName=GND Pin=P18-1
Removed Pin From Net: NetName=BUTTON_1 Pin=P18-2
Removed Pin From Net: NetName=GND Pin=P19-1
Removed Pin From Net: NetName=BUTTON_2 Pin=P19-2
Removed Pin From Net: NetName=GND Pin=P20-1
Removed Pin From Net: NetName=BUTTON_3 Pin=P20-2
Removed Pin From Net: NetName=5V Pin=R11-1
Removed Pin From Net: NetName=5V Pin=R12-1
Removed Pin From Net: NetName=BUTTON_2 Pin=R12-2
Removed Pin From Net: NetName=5V Pin=R13-1
Removed Pin From Net: NetName=BUTTON_3 Pin=R13-2
Removed Member From Class: ClassName=datalogger Member=P19
Removed Member From Class: ClassName=datalogger Member=P20
Change Component DesignItemId : Designator=P18 Old DesignItemId=Header 2 New DesignItemId=Header 6
Change Component Footprint: Designator=P18 Old Footprint=HDR1X2 New Footprint=HDR1X6
Change Component Comment : Designator=P18 Old Comment=Button1 New Comment=Header 6
Added Component: Designator=C13(1608[0603])
Added Component: Designator=C14(1608[0603])
Added Component: Designator=C15(1608[0603])
Added Component: Designator=R14(J1-0603)
Added Component: Designator=R15(J1-0603)
Added Component: Designator=R16(J1-0603)
Added Pin To Net: NetName=BUTTON_1 Pin=C13-1
Added Pin To Net: NetName=GND Pin=C13-2
Added Pin To Net: NetName=BUTTON_2 Pin=C14-1
Added Pin To Net: NetName=GND Pin=C14-2
Added Pin To Net: NetName=BUTTON_3 Pin=C15-1
Added Pin To Net: NetName=GND Pin=C15-2
Added Pin To Net: NetName=5V Pin=P18-1
Added Pin To Net: NetName=5V Pin=P18-3
Added Pin To Net: NetName=5V Pin=P18-5
Added Pin To Net: NetName=GND Pin=R12-2
Added Pin To Net: NetName=BUTTON_2 Pin=R13-2
Added Pin To Net: NetName=GND Pin=R14-2
Added Pin To Net: NetName=BUTTON_3 Pin=R15-2
Added Pin To Net: NetName=GND Pin=R16-2
Added Pin To Net: NetName=NetP18_2 Pin=P18-2
Added Pin To Net: NetName=NetP18_2 Pin=R11-1
Added Pin To Net: NetName=NetP18_2 Pin=R12-1
Added Net: Name=NetP18_2
Added Pin To Net: NetName=NetP18_4 Pin=P18-4
Added Pin To Net: NetName=NetP18_4 Pin=R13-1
Added Pin To Net: NetName=NetP18_4 Pin=R14-1
Added Net: Name=NetP18_4
Added Pin To Net: NetName=NetP18_6 Pin=P18-6
Added Pin To Net: NetName=NetP18_6 Pin=R15-1
Added Pin To Net: NetName=NetP18_6 Pin=R16-1
Added Net: Name=NetP18_6
Added Member To Class: ClassName=datalogger Member=Component C13 Cap Ceramic
Added Member To Class: ClassName=datalogger Member=Component C14 Cap Ceramic
Added Member To Class: ClassName=datalogger Member=Component C15 Cap Ceramic
Added Member To Class: ClassName=datalogger Member=Component R14 10K
Added Member To Class: ClassName=datalogger Member=Component R15 10K
Added Member To Class: ClassName=datalogger Member=Component R16 10K
