Removed Pin From Net: NetName=BUTTON_LED Pin=SHIELD-2
Removed Pin From Net: NetName=3.3V Pin=SHIELD-3V3
Removed Pin From Net: NetName=WS2812_1 Pin=SHIELD-5
Removed Pin From Net: NetName=5V Pin=SHIELD-5V
Removed Pin From Net: NetName=5V Pin=SHIELD-5V
Removed Pin From Net: NetName=5V Pin=SHIELD-5V
Removed Pin From Net: NetName=WS2812_2 Pin=SHIELD-23
Removed Pin From Net: NetName=24 Pin=SHIELD-24
Removed Pin From Net: NetName=25 Pin=SHIELD-25
Removed Pin From Net: NetName=26 Pin=SHIELD-26
Removed Pin From Net: NetName=27 Pin=SHIELD-27
Removed Pin From Net: NetName=28 Pin=SHIELD-28
Removed Pin From Net: NetName=29 Pin=SHIELD-29
Removed Pin From Net: NetName=30 Pin=SHIELD-30
Removed Pin From Net: NetName=31 Pin=SHIELD-31
Removed Pin From Net: NetName=32 Pin=SHIELD-32
Removed Pin From Net: NetName=33 Pin=SHIELD-33
Removed Pin From Net: NetName=34 Pin=SHIELD-34
Removed Pin From Net: NetName=BUTTON_1 Pin=SHIELD-35
Removed Pin From Net: NetName=BUTTON_2 Pin=SHIELD-36
Removed Pin From Net: NetName=BUTTON_3 Pin=SHIELD-37
Removed Pin From Net: NetName=38 Pin=SHIELD-38
Removed Pin From Net: NetName=39 Pin=SHIELD-39
Removed Pin From Net: NetName=SD_CD Pin=SHIELD-40
Removed Pin From Net: NetName=SD_CS Pin=SHIELD-41
Removed Pin From Net: NetName=CAN_CS Pin=SHIELD-42
Removed Pin From Net: NetName=OLED_SD_CS Pin=SHIELD-43
Removed Pin From Net: NetName=44 Pin=SHIELD-44
Removed Pin From Net: NetName=45 Pin=SHIELD-45
Removed Pin From Net: NetName=46 Pin=SHIELD-46
Removed Pin From Net: NetName=OLED_CS Pin=SHIELD-47
Removed Pin From Net: NetName=OLED_RESET Pin=SHIELD-48
Removed Pin From Net: NetName=OLED_DC Pin=SHIELD-49
Removed Pin From Net: NetName=MISO Pin=SHIELD-50
Removed Pin From Net: NetName=MOSI Pin=SHIELD-51
Removed Pin From Net: NetName=SCK Pin=SHIELD-52
Removed Pin From Net: NetName=SS Pin=SHIELD-53
Removed Pin From Net: NetName=POT_1 Pin=SHIELD-A2
Removed Pin From Net: NetName=POT_2 Pin=SHIELD-A3
Removed Pin From Net: NetName=POT_3 Pin=SHIELD-A4
Removed Pin From Net: NetName=POT_4 Pin=SHIELD-A5
Removed Pin From Net: NetName=POT_5 Pin=SHIELD-A6
Removed Pin From Net: NetName=POT_6 Pin=SHIELD-A7
Removed Pin From Net: NetName=WS2812_3 Pin=SHIELD-A8
Removed Pin From Net: NetName=THERM4 Pin=SHIELD-A9
Removed Pin From Net: NetName=THERM3 Pin=SHIELD-A10
Removed Pin From Net: NetName=THERM2 Pin=SHIELD-A11
Removed Pin From Net: NetName=THERM1 Pin=SHIELD-A12
Removed Pin From Net: NetName=BAT_READING Pin=SHIELD-A13
Removed Pin From Net: NetName=GND Pin=SHIELD-GND
Removed Pin From Net: NetName=GND Pin=SHIELD-GND
Removed Pin From Net: NetName=GND Pin=SHIELD-GND
Removed Pin From Net: NetName=GND Pin=SHIELD-GND
Removed Pin From Net: NetName=GND Pin=SHIELD-GND
Removed Pin From Net: NetName=RS Pin=SHIELD-RESET
Removed Pin From Net: NetName=GPS_TX Pin=SHIELD-RX1
Removed Pin From Net: NetName=RF_TX Pin=SHIELD-RX2
Removed Pin From Net: NetName=SCL Pin=SHIELD-SCL
Removed Pin From Net: NetName=SDA Pin=SHIELD-SDA
Removed Pin From Net: NetName=GPS_RX Pin=SHIELD-TX1
Removed Pin From Net: NetName=RF_RX Pin=SHIELD-TX2
Removed Member From Class: ClassName=datalogger Member=SHIELD
Added Component: Designator=*(Arduino Mega Shield - No Text)
Added Pin To Net: NetName=BUTTON_LED Pin=*-2
Added Pin To Net: NetName=3.3V Pin=*-3V3
Added Pin To Net: NetName=WS2812_1 Pin=*-5
Added Pin To Net: NetName=5V Pin=*-5V
Added Pin To Net: NetName=5V Pin=*-5V
Added Pin To Net: NetName=5V Pin=*-5V
Added Pin To Net: NetName=WS2812_2 Pin=*-23
Added Pin To Net: NetName=24 Pin=*-24
Added Pin To Net: NetName=25 Pin=*-25
Added Pin To Net: NetName=26 Pin=*-26
Added Pin To Net: NetName=27 Pin=*-27
Added Pin To Net: NetName=28 Pin=*-28
Added Pin To Net: NetName=29 Pin=*-29
Added Pin To Net: NetName=30 Pin=*-30
Added Pin To Net: NetName=31 Pin=*-31
Added Pin To Net: NetName=32 Pin=*-32
Added Pin To Net: NetName=33 Pin=*-33
Added Pin To Net: NetName=34 Pin=*-34
Added Pin To Net: NetName=BUTTON_1 Pin=*-35
Added Pin To Net: NetName=BUTTON_2 Pin=*-36
Added Pin To Net: NetName=BUTTON_3 Pin=*-37
Added Pin To Net: NetName=38 Pin=*-38
Added Pin To Net: NetName=39 Pin=*-39
Added Pin To Net: NetName=SD_CD Pin=*-40
Added Pin To Net: NetName=SD_CS Pin=*-41
Added Pin To Net: NetName=CAN_CS Pin=*-42
Added Pin To Net: NetName=OLED_SD_CS Pin=*-43
Added Pin To Net: NetName=44 Pin=*-44
Added Pin To Net: NetName=45 Pin=*-45
Added Pin To Net: NetName=46 Pin=*-46
Added Pin To Net: NetName=OLED_CS Pin=*-47
Added Pin To Net: NetName=OLED_RESET Pin=*-48
Added Pin To Net: NetName=OLED_DC Pin=*-49
Added Pin To Net: NetName=MISO Pin=*-50
Added Pin To Net: NetName=MOSI Pin=*-51
Added Pin To Net: NetName=SCK Pin=*-52
Added Pin To Net: NetName=SS Pin=*-53
Added Pin To Net: NetName=POT_1 Pin=*-A2
Added Pin To Net: NetName=POT_2 Pin=*-A3
Added Pin To Net: NetName=POT_3 Pin=*-A4
Added Pin To Net: NetName=POT_4 Pin=*-A5
Added Pin To Net: NetName=POT_5 Pin=*-A6
Added Pin To Net: NetName=POT_6 Pin=*-A7
Added Pin To Net: NetName=WS2812_3 Pin=*-A8
Added Pin To Net: NetName=THERM4 Pin=*-A9
Added Pin To Net: NetName=THERM3 Pin=*-A10
Added Pin To Net: NetName=THERM2 Pin=*-A11
Added Pin To Net: NetName=THERM1 Pin=*-A12
Added Pin To Net: NetName=BAT_READING Pin=*-A13
Added Pin To Net: NetName=GND Pin=*-GND
Added Pin To Net: NetName=GND Pin=*-GND
Added Pin To Net: NetName=GND Pin=*-GND
Added Pin To Net: NetName=GND Pin=*-GND
Added Pin To Net: NetName=GND Pin=*-GND
Added Pin To Net: NetName=RS Pin=*-RESET
Added Pin To Net: NetName=GPS_TX Pin=*-RX1
Added Pin To Net: NetName=RF_TX Pin=*-RX2
Added Pin To Net: NetName=SCL Pin=*-SCL
Added Pin To Net: NetName=SDA Pin=*-SDA
Added Pin To Net: NetName=GPS_RX Pin=*-TX1
Added Pin To Net: NetName=RF_RX Pin=*-TX2
Added Member To Class: ClassName=datalogger Member=Component * Arduino Mega2560 R3
