Added Component: Designator=C1(Capacitor 50V 470uF)
Added Component: Designator=C1(1608[0603])
Added Component: Designator=C2(Capacitor 50V 470uF)
Added Component: Designator=C2(1608[0603])
Added Component: Designator=C3(CAPE3.5mm)
Added Component: Designator=C3(1608[0603])
Added Component: Designator=C4(CAPE3.5mm)
Added Component: Designator=C4(1608[0603])
Added Component: Designator=C5(1608[0603])
Added Component: Designator=C6(1608[0603])
Added Component: Designator=D1(SMC)
Added Component: Designator=LED1(LED-0603)
Added Component: Designator=P1(HDR1X3)
Added Component: Designator=P2(HDR1X4)
Added Component: Designator=P3(HDR1X3)
Added Component: Designator=P4(HDR1X3)
Added Component: Designator=P5(HDR1X10)
Added Component: Designator=P6(HDR1X3)
Added Component: Designator=P7(HDR1X3)
Added Component: Designator=P8(HDR1X3)
Added Component: Designator=P9(HDR1X3)
Added Component: Designator=P10(HDR1X3)
Added Component: Designator=P11(HDR1X4)
Added Component: Designator=P12(HDR1X3)
Added Component: Designator=P13(2P 5.08mm Screw Terminal)
Added Component: Designator=P14(HDR1X4)
Added Component: Designator=P15(HDR1X4)
Added Component: Designator=P16(HDR1X4)
Added Component: Designator=Q1(CRYSTAL-SMD-5X3)
Added Component: Designator=R1(J1-0603)
Added Component: Designator=R2(J1-0603)
Added Component: Designator=R3(J1-0603)
Added Component: Designator=R4(J1-0603)
Added Component: Designator=R5(J1-0603)
Added Component: Designator=R6(J1-0603)
Added Component: Designator=R7(J1-0603)
Added Component: Designator=R8(J1-0603)
Added Component: Designator=R?(J1-0603)
Added Component: Designator=U1(SO-18W)
Added Component: Designator=U2(SO08)
Added Pin To Net: NetName=GND Pin=C1-1
Added Pin To Net: NetName=NetC1_1 Pin=C1-1
Added Pin To Net: NetName=GND Pin=C1-2
Added Pin To Net: NetName=VCC Pin=C1-2
Added Pin To Net: NetName=GND Pin=C2-1
Added Pin To Net: NetName=NetC2_1 Pin=C2-1
Added Pin To Net: NetName=GND Pin=C2-2
Added Pin To Net: NetName=VCC Pin=C2-2
Added Pin To Net: NetName=5V Pin=C3-1
Added Pin To Net: NetName=GND Pin=C3-1
Added Pin To Net: NetName=5V Pin=C3-2
Added Pin To Net: NetName=GND Pin=C3-2
Added Pin To Net: NetName=5V Pin=C4-1
Added Pin To Net: NetName=GND Pin=C4-1
Added Pin To Net: NetName=5V Pin=C4-2
Added Pin To Net: NetName=GND Pin=C4-2
Added Pin To Net: NetName=GND Pin=C5-1
Added Pin To Net: NetName=NetC5_2 Pin=C5-2
Added Pin To Net: NetName=GND Pin=C6-1
Added Pin To Net: NetName=NetC6_2 Pin=C6-2
Added Pin To Net: NetName=NetD1_1 Pin=D1-1
Added Pin To Net: NetName=VCC Pin=D1-2
Added Pin To Net: NetName=5V Pin=LED1-A
Added Pin To Net: NetName=NetLED1_C Pin=LED1-C
Added Pin To Net: NetName=WS2812_1 Pin=P1-1
Added Pin To Net: NetName=5V Pin=P1-2
Added Pin To Net: NetName=GND Pin=P1-3
Added Pin To Net: NetName=3.3V Pin=P2-1
Added Pin To Net: NetName=NetP2_2 Pin=P2-2
Added Pin To Net: NetName=GPS_TX Pin=P2-3
Added Pin To Net: NetName=GND Pin=P2-4
Added Pin To Net: NetName=WS2812_2 Pin=P3-1
Added Pin To Net: NetName=5V Pin=P3-2
Added Pin To Net: NetName=GND Pin=P3-3
Added Pin To Net: NetName=WS2812_3 Pin=P4-1
Added Pin To Net: NetName=5V Pin=P4-2
Added Pin To Net: NetName=GND Pin=P4-3
Added Pin To Net: NetName=GND Pin=P5-1
Added Pin To Net: NetName=5V Pin=P5-2
Added Pin To Net: NetName=MISO Pin=P5-4
Added Pin To Net: NetName=SD_CS Pin=P5-5
Added Pin To Net: NetName=OLED_CS Pin=P5-6
Added Pin To Net: NetName=OLED_RESET Pin=P5-7
Added Pin To Net: NetName=OLED_DC Pin=P5-8
Added Pin To Net: NetName=SCK Pin=P5-9
Added Pin To Net: NetName=MOSI Pin=P5-10
Added Pin To Net: NetName=5V Pin=P6-1
Added Pin To Net: NetName=POT_1 Pin=P6-2
Added Pin To Net: NetName=5V Pin=P7-1
Added Pin To Net: NetName=POT_2 Pin=P7-2
Added Pin To Net: NetName=5V Pin=P8-1
Added Pin To Net: NetName=POT_3 Pin=P8-2
Added Pin To Net: NetName=5V Pin=P9-1
Added Pin To Net: NetName=POT_4 Pin=P9-2
Added Pin To Net: NetName=5V Pin=P10-1
Added Pin To Net: NetName=POT_5 Pin=P10-2
Added Pin To Net: NetName=SCL Pin=P11-1
Added Pin To Net: NetName=SDA Pin=P11-2
Added Pin To Net: NetName=5V Pin=P11-3
Added Pin To Net: NetName=GND Pin=P11-4
Added Pin To Net: NetName=5V Pin=P12-1
Added Pin To Net: NetName=POT_6 Pin=P12-2
Added Pin To Net: NetName=NetD1_1 Pin=P13-0
Added Pin To Net: NetName=GND Pin=P13-1
Added Pin To Net: NetName=VCC Pin=P14-1
Added Pin To Net: NetName=GND Pin=P14-2
Added Pin To Net: NetName=GND Pin=P14-3
Added Pin To Net: NetName=5V Pin=P14-4
Added Pin To Net: NetName=5V Pin=P15-1
Added Pin To Net: NetName=GND Pin=P15-2
Added Pin To Net: NetName=SDA Pin=P15-3
Added Pin To Net: NetName=SCL Pin=P15-4
Added Pin To Net: NetName=5V Pin=P16-1
Added Pin To Net: NetName=RF_TX Pin=P16-2
Added Pin To Net: NetName=RF_RX Pin=P16-3
Added Pin To Net: NetName=GND Pin=P16-4
Added Pin To Net: NetName=NetC2_1 Pin=Q1-1
Added Pin To Net: NetName=NetC1_1 Pin=Q1-3
Added Pin To Net: NetName=GPS_RX Pin=R1-1
Added Pin To Net: NetName=NetP2_2 Pin=R1-2
Added Pin To Net: NetName=GND Pin=R2-1
Added Pin To Net: NetName=GPS_RX Pin=R2-2
Added Pin To Net: NetName=GND Pin=R3-1
Added Pin To Net: NetName=NetLED1_C Pin=R3-2
Added Pin To Net: NetName=GND Pin=R4-1
Added Pin To Net: NetName=NetR4_2 Pin=R4-2
Added Pin To Net: NetName=NetC5_2 Pin=R5-1
Added Pin To Net: NetName=CAN_LOW Pin=R5-2
Added Pin To Net: NetName=NetC6_2 Pin=R6-1
Added Pin To Net: NetName=CAN_HIGH Pin=R6-2
Added Pin To Net: NetName=SDA Pin=R7-1
Added Pin To Net: NetName=5V Pin=R7-2
Added Pin To Net: NetName=SCL Pin=R8-1
Added Pin To Net: NetName=5V Pin=R8-2
Added Pin To Net: NetName=GND Pin=R?-1
Added Pin To Net: NetName=CAN_TXD Pin=U1-1
Added Pin To Net: NetName=CAN_RXD Pin=U1-2
Added Pin To Net: NetName=NetC2_1 Pin=U1-7
Added Pin To Net: NetName=NetC1_1 Pin=U1-8
Added Pin To Net: NetName=GND Pin=U1-9
Added Pin To Net: NetName=CAN_INT Pin=U1-12
Added Pin To Net: NetName=SCK Pin=U1-13
Added Pin To Net: NetName=MOSI Pin=U1-14
Added Pin To Net: NetName=MISO Pin=U1-15
Added Pin To Net: NetName=CAN_CS Pin=U1-16
Added Pin To Net: NetName=RS Pin=U1-17
Added Pin To Net: NetName=5V Pin=U1-18
Added Pin To Net: NetName=CAN_TXD Pin=U2-1
Added Pin To Net: NetName=GND Pin=U2-2
Added Pin To Net: NetName=5V Pin=U2-3
Added Pin To Net: NetName=CAN_RXD Pin=U2-4
Added Pin To Net: NetName=CAN_LOW Pin=U2-6
Added Pin To Net: NetName=CAN_HIGH Pin=U2-7
Added Pin To Net: NetName=NetR4_2 Pin=U2-8
Added Pin To Net: NetName=AGND Pin=P6-3
Added Pin To Net: NetName=AGND Pin=P7-3
Added Pin To Net: NetName=AGND Pin=P8-3
Added Pin To Net: NetName=AGND Pin=P9-3
Added Pin To Net: NetName=AGND Pin=P10-3
Added Pin To Net: NetName=AGND Pin=P12-3
Added Pin To Net: NetName=AGND Pin=R?-2
Added Net: Name=AGND
Added Member To Class: ClassName=datalogger Member=Component C1 50V 470uF
Added Member To Class: ClassName=datalogger Member=Component C2 50V 470uF
Added Member To Class: ClassName=datalogger Member=Component C3 220µ
Added Member To Class: ClassName=datalogger Member=Component C4 220µ
Added Member To Class: ClassName=datalogger Member=Component C5 Cap Ceramic
Added Member To Class: ClassName=datalogger Member=Component C6 Cap Ceramic
Added Member To Class: ClassName=datalogger Member=Component D1 Diode
Added Member To Class: ClassName=datalogger Member=Component LED1 Red
Added Member To Class: ClassName=datalogger Member=Component P1 WS2812_1
Added Member To Class: ClassName=datalogger Member=Component P2 GPS
Added Member To Class: ClassName=datalogger Member=Component P3 WS2812_2
Added Member To Class: ClassName=datalogger Member=Component P4 WS2812_3
Added Member To Class: ClassName=datalogger Member=Component P5 Display / SD
Added Member To Class: ClassName=datalogger Member=Component P6 ANALOG_1
Added Member To Class: ClassName=datalogger Member=Component P7 ANALOG_2
Added Member To Class: ClassName=datalogger Member=Component P8 ANALOG_3
Added Member To Class: ClassName=datalogger Member=Component P9 ANALOG_4
Added Member To Class: ClassName=datalogger Member=Component P10 ANALOG_5
Added Member To Class: ClassName=datalogger Member=Component P11 NFC
Added Member To Class: ClassName=datalogger Member=Component P12 ANALOG_6
Added Member To Class: ClassName=datalogger Member=Component P13 Power
Added Member To Class: ClassName=datalogger Member=Component P14 VREG PCB
Added Member To Class: ClassName=datalogger Member=Component P15 Thermopile
Added Member To Class: ClassName=datalogger Member=Component P16 RF Module
Added Member To Class: ClassName=datalogger Member=Component Q1 16MHz
Added Member To Class: ClassName=datalogger Member=Component R1 Res3
Added Member To Class: ClassName=datalogger Member=Component R2 Res3
Added Member To Class: ClassName=datalogger Member=Component R3 Res3
Added Member To Class: ClassName=datalogger Member=Component R4 4.7K
Added Member To Class: ClassName=datalogger Member=Component R5 100R
Added Member To Class: ClassName=datalogger Member=Component R6 100R
Added Member To Class: ClassName=datalogger Member=Component R7 Res3
Added Member To Class: ClassName=datalogger Member=Component R8 Res3
Added Member To Class: ClassName=datalogger Member=Component R? Res3
Added Member To Class: ClassName=datalogger Member=Component U1 MCP2515
Added Member To Class: ClassName=datalogger Member=Component U2 CAN transceiver
