Removed Pin From Net: NetName=3.3V Pin=U1-3.3V
Removed Pin From Net: NetName=5V Pin=U1-5V@0
Removed Pin From Net: NetName=5V Pin=U1-5V@1
Removed Pin From Net: NetName=5V Pin=U1-5V@2
Removed Pin From Net: NetName=GPS_TX Pin=U1-19
Removed Pin From Net: NetName=SDA Pin=U1-20
Removed Pin From Net: NetName=SCL Pin=U1-21
Removed Pin From Net: NetName=WS2812_1 Pin=U1-22
Removed Pin From Net: NetName=WS2812_2 Pin=U1-23
Removed Pin From Net: NetName=WS2812_3 Pin=U1-24
Removed Pin From Net: NetName=25 Pin=U1-25
Removed Pin From Net: NetName=26 Pin=U1-26
Removed Pin From Net: NetName=27 Pin=U1-27
Removed Pin From Net: NetName=28 Pin=U1-28
Removed Pin From Net: NetName=29 Pin=U1-29
Removed Pin From Net: NetName=30 Pin=U1-30
Removed Pin From Net: NetName=31 Pin=U1-31
Removed Pin From Net: NetName=32 Pin=U1-32
Removed Pin From Net: NetName=33 Pin=U1-33
Removed Pin From Net: NetName=34 Pin=U1-34
Removed Pin From Net: NetName=35 Pin=U1-35
Removed Pin From Net: NetName=36 Pin=U1-36
Removed Pin From Net: NetName=37 Pin=U1-37
Removed Pin From Net: NetName=38 Pin=U1-38
Removed Pin From Net: NetName=39 Pin=U1-39
Removed Pin From Net: NetName=40 Pin=U1-40
Removed Pin From Net: NetName=41 Pin=U1-41
Removed Pin From Net: NetName=CAN_CS Pin=U1-42
Removed Pin From Net: NetName=SD_CS Pin=U1-43
Removed Pin From Net: NetName=44 Pin=U1-44
Removed Pin From Net: NetName=45 Pin=U1-45
Removed Pin From Net: NetName=46 Pin=U1-46
Removed Pin From Net: NetName=OLED_CS Pin=U1-47
Removed Pin From Net: NetName=OLED_RESET Pin=U1-48
Removed Pin From Net: NetName=OLED_DC Pin=U1-49
Removed Pin From Net: NetName=MISO Pin=U1-50
Removed Pin From Net: NetName=MOSI Pin=U1-51
Removed Pin From Net: NetName=SCK Pin=U1-52
Removed Pin From Net: NetName=SS Pin=U1-53
Removed Pin From Net: NetName=POT_1 Pin=U1-A2
Removed Pin From Net: NetName=POT_2 Pin=U1-A3
Removed Pin From Net: NetName=POT_3 Pin=U1-A4
Removed Pin From Net: NetName=POT_4 Pin=U1-A5
Removed Pin From Net: NetName=POT_5 Pin=U1-A6
Removed Pin From Net: NetName=POT_6 Pin=U1-A7
Removed Pin From Net: NetName=GND Pin=U1-GND@0
Removed Pin From Net: NetName=GND Pin=U1-GND@1
Removed Pin From Net: NetName=GND Pin=U1-GND@2
Removed Pin From Net: NetName=GND Pin=U1-GND@3
Removed Pin From Net: NetName=GND Pin=U1-GND@4
Removed Pin From Net: NetName=RS Pin=U1-RESET
Removed Pin From Net: NetName=CAN_TXD Pin=U?-1
Removed Pin From Net: NetName=CAN_RXD Pin=U?-2
Removed Pin From Net: NetName=NetC2_1 Pin=U?-7
Removed Pin From Net: NetName=NetC1_1 Pin=U?-8
Removed Pin From Net: NetName=GND Pin=U?-9
Removed Pin From Net: NetName=CAN_INT Pin=U?-12
Removed Pin From Net: NetName=SCK Pin=U?-13
Removed Pin From Net: NetName=MOSI Pin=U?-14
Removed Pin From Net: NetName=MISO Pin=U?-15
Removed Pin From Net: NetName=CAN_CS Pin=U?-16
Removed Pin From Net: NetName=RS Pin=U?-17
Removed Pin From Net: NetName=5V Pin=U?-18
Removed Member From Class: ClassName=datalogger Member=U?
Change Component DesignItemId : Designator=U1 Old DesignItemId=ARDUINO-MEGAFULL New DesignItemId=MCP2510SO
Change Component Footprint: Designator=U1 Old Footprint=ARDUINO_MEGA New Footprint=SO-18W
Change Component Comment : Designator=U1 Old Comment=Arduino Mega board footprint New Comment=MCP2515
Added Component: Designator=U10(ARDUINO_MEGA)
Added Pin To Net: NetName=CAN_TXD Pin=U1-1
Added Pin To Net: NetName=CAN_RXD Pin=U1-2
Added Pin To Net: NetName=NetC2_1 Pin=U1-7
Added Pin To Net: NetName=NetC1_1 Pin=U1-8
Added Pin To Net: NetName=GND Pin=U1-9
Added Pin To Net: NetName=CAN_INT Pin=U1-12
Added Pin To Net: NetName=SCK Pin=U1-13
Added Pin To Net: NetName=MOSI Pin=U1-14
Added Pin To Net: NetName=MISO Pin=U1-15
Added Pin To Net: NetName=CAN_CS Pin=U1-16
Added Pin To Net: NetName=RS Pin=U1-17
Added Pin To Net: NetName=5V Pin=U1-18
Added Member To Class: ClassName=datalogger Member=Component U10 Arduino Mega board footprint
