Removed Pin From Net: NetName=VCC Pin=R18-2
Added Component: Designator=BAT1(BATTCON_20MM)
Added Component: Designator=BAT2(BATTCON_20MM)
Added Component: Designator=Q2(SOT523F)
Added Pin To Net: NetName=GND Pin=BAT2-2
Added Pin To Net: NetName=BAT_LEVEL Pin=Q2-1
Added Pin To Net: NetName=VCC Pin=Q2-3
Change Net Name : Old Net Name=BAT_LEVEL New Net Name=BAT_READING
Added Pin To Net: NetName=BAT_LEVEL Pin=D1-1
Added Pin To Net: NetName=BAT_LEVEL Pin=P13-0
Added Pin To Net: NetName=BAT_LEVEL Pin=R18-2
Added Net: Name=BAT_LEVEL
Added Pin To Net: NetName=NetBAT1_1 Pin=BAT1-1
Added Pin To Net: NetName=NetBAT1_1 Pin=Q2-2
Added Net: Name=NetBAT1_1
Added Pin To Net: NetName=NetBAT1_2 Pin=BAT1-2
Added Pin To Net: NetName=NetBAT1_2 Pin=BAT2-1
Added Net: Name=NetBAT1_2
Added Member To Class: ClassName=datalogger Member=Component BAT1 CR2032
Added Member To Class: ClassName=datalogger Member=Component BAT2 CR2032
Added Member To Class: ClassName=datalogger Member=Component Q2 P-Channel
