Added Component: Designator=C31(CAPC1608X90N)
Added Component: Designator=C32(CAPC1608X90N)
Added Component: Designator=C33(CAPC1608X90N)
Added Component: Designator=C34(CAPC1608X90N)
Added Component: Designator=P20(HDR2X3_CEN)
Added Component: Designator=P21(HDR2X3_CEN)
Added Pin To Net: NetName=5V Pin=C31-1
Added Pin To Net: NetName=GND Pin=C31-2
Added Pin To Net: NetName=5V Pin=C32-1
Added Pin To Net: NetName=GND Pin=C32-2
Added Pin To Net: NetName=5V Pin=C33-1
Added Pin To Net: NetName=GND Pin=C33-2
Added Pin To Net: NetName=5V Pin=C34-1
Added Pin To Net: NetName=GND Pin=C34-2
Added Pin To Net: NetName=5V Pin=P20-1
Added Pin To Net: NetName=GND Pin=P20-3
Added Pin To Net: NetName=5V Pin=P20-4
Added Pin To Net: NetName=GND Pin=P20-6
Added Pin To Net: NetName=5V Pin=P21-1
Added Pin To Net: NetName=GND Pin=P21-3
Added Pin To Net: NetName=5V Pin=P21-4
Added Pin To Net: NetName=GND Pin=P21-6
Added Pin To Net: NetName=THERM1 Pin=P20-2
Added Pin To Net: NetName=THERM1 Pin=SHIELD-A9
Added Net: Name=THERM1
Added Pin To Net: NetName=THERM2 Pin=P20-5
Added Pin To Net: NetName=THERM2 Pin=SHIELD-A10
Added Net: Name=THERM2
Added Pin To Net: NetName=THERM3 Pin=P21-2
Added Pin To Net: NetName=THERM3 Pin=SHIELD-A11
Added Net: Name=THERM3
Added Pin To Net: NetName=THERM4 Pin=P21-5
Added Pin To Net: NetName=THERM4 Pin=SHIELD-A12
Added Net: Name=THERM4
Added Member To Class: ClassName=datalogger Member=Component C31 approved sub OK
Added Member To Class: ClassName=datalogger Member=Component C32 approved sub OK
Added Member To Class: ClassName=datalogger Member=Component C33 approved sub OK
Added Member To Class: ClassName=datalogger Member=Component C34 approved sub OK
Added Member To Class: ClassName=datalogger Member=Component P20 Header 3X2A
Added Member To Class: ClassName=datalogger Member=Component P21 Header 3X2A
