Change Component Designator: OldDesignator=R? NewDesignator=R9
Added Component: Designator=C7(CAPC1608X90N)
Added Component: Designator=C8(CAPC1608X90N)
Added Component: Designator=C9(CAPC1608X90N)
Added Component: Designator=C10(CAPC1608X90N)
Added Component: Designator=C11(CAPC1608X90N)
Added Component: Designator=C12(CAPC1608X90N)
Added Pin To Net: NetName=POT_1 Pin=C7-1
Added Pin To Net: NetName=AGND Pin=C7-2
Added Pin To Net: NetName=POT_2 Pin=C8-1
Added Pin To Net: NetName=AGND Pin=C8-2
Added Pin To Net: NetName=POT_3 Pin=C9-1
Added Pin To Net: NetName=AGND Pin=C9-2
Added Pin To Net: NetName=POT_4 Pin=C10-1
Added Pin To Net: NetName=AGND Pin=C10-2
Added Pin To Net: NetName=POT_5 Pin=C11-1
Added Pin To Net: NetName=AGND Pin=C11-2
Added Pin To Net: NetName=POT_6 Pin=C12-1
Added Pin To Net: NetName=AGND Pin=C12-2
Added Member To Class: ClassName=datalogger Member=Component C7 approved sub OK
Added Member To Class: ClassName=datalogger Member=Component C8 approved sub OK
Added Member To Class: ClassName=datalogger Member=Component C9 approved sub OK
Added Member To Class: ClassName=datalogger Member=Component C10 approved sub OK
Added Member To Class: ClassName=datalogger Member=Component C11 approved sub OK
Added Member To Class: ClassName=datalogger Member=Component C12 approved sub OK
