Removed Pin From Net: NetName=GND Pin=C3-1
Removed Pin From Net: NetName=5V Pin=C3-2
Removed Pin From Net: NetName=GND Pin=C4-1
Removed Pin From Net: NetName=5V Pin=C4-2
Added Component: Designator=C?(CAPC1608X90N)
Added Component: Designator=C?(CAPC1608X90N)
Added Component: Designator=C?(CAPC1608X90N)
Added Component: Designator=C?(CAPC1608X90N)
Added Component: Designator=C?(CAPC1608X90N)
Added Component: Designator=C?(CAPC1608X90N)
Added Component: Designator=C?(CAPC1608X90N)
Added Component: Designator=C?(CAPC1608X90N)
Added Component: Designator=C?(CAPC1608X90N)
Added Component: Designator=C?(CAPC1608X90N)
Added Component: Designator=C?(CAPC1608X90N)
Added Component: Designator=C?(CAPC1608X90N)
Added Component: Designator=C?(CAPC1608X90N)
Added Component: Designator=C?(CAPC1608X90N)
Added Component: Designator=C?(CAPC1608X90N)
Added Pin To Net: NetName=3.3V Pin=C?-1
Added Pin To Net: NetName=5V Pin=C?-1
Added Pin To Net: NetName=5V Pin=C?-1
Added Pin To Net: NetName=5V Pin=C?-1
Added Pin To Net: NetName=5V Pin=C?-1
Added Pin To Net: NetName=5V Pin=C?-1
Added Pin To Net: NetName=5V Pin=C?-1
Added Pin To Net: NetName=5V Pin=C?-1
Added Pin To Net: NetName=5V Pin=C?-1
Added Pin To Net: NetName=5V Pin=C?-1
Added Pin To Net: NetName=5V Pin=C?-1
Added Pin To Net: NetName=5V Pin=C?-1
Added Pin To Net: NetName=GND Pin=C?-1
Added Pin To Net: NetName=GND Pin=C?-1
Added Pin To Net: NetName=GND Pin=C?-1
Added Pin To Net: NetName=5V Pin=C?-2
Added Pin To Net: NetName=5V Pin=C?-2
Added Pin To Net: NetName=5V Pin=C?-2
Added Pin To Net: NetName=AGND Pin=C?-2
Added Pin To Net: NetName=AGND Pin=C?-2
Added Pin To Net: NetName=AGND Pin=C?-2
Added Pin To Net: NetName=AGND Pin=C?-2
Added Pin To Net: NetName=AGND Pin=C?-2
Added Pin To Net: NetName=AGND Pin=C?-2
Added Pin To Net: NetName=GND Pin=C?-2
Added Pin To Net: NetName=GND Pin=C?-2
Added Pin To Net: NetName=GND Pin=C?-2
Added Pin To Net: NetName=GND Pin=C?-2
Added Pin To Net: NetName=GND Pin=C?-2
Added Pin To Net: NetName=GND Pin=C?-2
Added Member To Class: ClassName=datalogger Member=Component C? approved sub OK
